<?xml version="1.0" encoding="UTF-8"?>
<testng-results skipped="0" failed="0" total="1" passed="1">
  <reporter-output>
  </reporter-output>
  <suite name="Default suite" duration-ms="13095" started-at="2017-09-07T09:30:35Z" finished-at="2017-09-07T09:30:48Z">
    <groups>
    </groups>
    <test name="Default test" duration-ms="13095" started-at="2017-09-07T09:30:35Z" finished-at="2017-09-07T09:30:48Z">
      <class name="webtest.jQueryLocator">
        <test-method status="PASS" signature="JqueryTest()[pri:0, instance:webtest.jQueryLocator@548a9f61]" name="JqueryTest" duration-ms="13086" started-at="2017-09-07T17:30:35Z" finished-at="2017-09-07T17:30:48Z">
          <reporter-output>
          </reporter-output>
        </test-method> <!-- JqueryTest -->
      </class> <!-- webtest.jQueryLocator -->
    </test> <!-- Default test -->
  </suite> <!-- Default suite -->
</testng-results>
